<?xml version="1.0" encoding="UTF-8"?>
<testng-results ignored="0" total="1" passed="1" failed="0" skipped="0">
  <reporter-output>
    <line>
      <![CDATA[Search Page Displayed]]>
    </line>
    <line>
      <![CDATA[Shopping Cart page is displayed]]>
    </line>
    <line>
      <![CDATA[Blue Jeans is displayed in Search Page]]>
    </line>
    <line>
      <![CDATA[Quantities are Same]]>
    </line>
  </reporter-output>
  <suite started-at="2024-07-26T13:46:29 IST" name="Default suite" finished-at="2024-07-26T13:46:41 IST" duration-ms="11720">
    <groups>
    </groups>
    <test started-at="2024-07-26T13:46:29 IST" name="Default test" finished-at="2024-07-26T13:46:41 IST" duration-ms="11720">
      <class name="TestScripts.BlueJeansAddToCart.BlueJeansAddToCart">
        <test-method is-config="true" signature="launchTheBrowser()[pri:0, instance:TestScripts.BlueJeansAddToCart.BlueJeansAddToCart@62150f9e]" started-at="2024-07-26T13:46:29 IST" name="launchTheBrowser" finished-at="2024-07-26T13:46:34 IST" duration-ms="4893" status="PASS">
          <reporter-output>
          </reporter-output>
        </test-method> <!-- launchTheBrowser -->
        <test-method is-config="true" signature="performLogin()[pri:0, instance:TestScripts.BlueJeansAddToCart.BlueJeansAddToCart@62150f9e]" started-at="2024-07-26T13:46:34 IST" name="performLogin" finished-at="2024-07-26T13:46:36 IST" duration-ms="1682" status="PASS">
          <reporter-output>
          </reporter-output>
        </test-method> <!-- performLogin -->
        <test-method signature="Verify_User_Is_Able_to_Add_BlueJeans_to_The_Cart()[pri:0, instance:TestScripts.BlueJeansAddToCart.BlueJeansAddToCart@62150f9e]" started-at="2024-07-26T13:46:36 IST" name="Verify_User_Is_Able_to_Add_BlueJeans_to_The_Cart" finished-at="2024-07-26T13:46:40 IST" duration-ms="4088" status="PASS">
          <reporter-output>
            <line>
              <![CDATA[Search Page Displayed]]>
            </line>
            <line>
              <![CDATA[Shopping Cart page is displayed]]>
            </line>
            <line>
              <![CDATA[Blue Jeans is displayed in Search Page]]>
            </line>
            <line>
              <![CDATA[Quantities are Same]]>
            </line>
          </reporter-output>
        </test-method> <!-- Verify_User_Is_Able_to_Add_BlueJeans_to_The_Cart -->
        <test-method is-config="true" signature="performLogout()[pri:0, instance:TestScripts.BlueJeansAddToCart.BlueJeansAddToCart@62150f9e]" started-at="2024-07-26T13:46:40 IST" name="performLogout" finished-at="2024-07-26T13:46:41 IST" duration-ms="861" status="PASS">
          <reporter-output>
          </reporter-output>
        </test-method> <!-- performLogout -->
        <test-method is-config="true" signature="closeTheBrowser()[pri:0, instance:TestScripts.BlueJeansAddToCart.BlueJeansAddToCart@62150f9e]" started-at="2024-07-26T13:46:41 IST" name="closeTheBrowser" finished-at="2024-07-26T13:46:41 IST" duration-ms="158" status="PASS">
          <reporter-output>
          </reporter-output>
        </test-method> <!-- closeTheBrowser -->
      </class> <!-- TestScripts.BlueJeansAddToCart.BlueJeansAddToCart -->
    </test> <!-- Default test -->
  </suite> <!-- Default suite -->
</testng-results>
